<!DOCTYPE html>

<html>
  <head>
  <meta charset='utf-8'>
  <title>TestNG reports</title>

    <link type="text/css" href="testng-reports.css" rel="stylesheet" />
    <script type="text/javascript" src="jquery-1.7.1.min.js"></script>
    <script type="text/javascript" src="testng-reports.js"></script>
    <script type="text/javascript" src="https://www.google.com/jsapi"></script>
    <script type='text/javascript'>
      google.load('visualization', '1', {packages:['table']});
      google.setOnLoadCallback(drawTable);
      var suiteTableInitFunctions = new Array();
      var suiteTableData = new Array();
    </script>
    <!--
      <script type="text/javascript" src="jquery-ui/js/jquery-ui-1.8.16.custom.min.js"></script>
     -->
  </head>

  <body>
    <div class="top-banner-root">
      <span class="top-banner-title-font">Test results</span>
      <br/>
      <span class="top-banner-font-1">1 suite, 2 failed tests</span>
    </div> <!-- top-banner-root -->
    <div class="navigator-root">
      <div class="navigator-suite-header">
        <span>All suites</span>
        <a href="#" class="collapse-all-link" title="Collapse/expand all the suites">
          <img class="collapse-all-icon" src="collapseall.gif">
          </img> <!-- collapse-all-icon -->
        </a> <!-- collapse-all-link -->
      </div> <!-- navigator-suite-header -->
      <div class="suite">
        <div class="rounded-window">
          <div class="suite-header light-rounded-window-top">
            <a href="#" class="navigator-link" panel-name="suite-BDD_Test_Suite">
              <span class="suite-name border-failed">BDD Test Suite</span>
            </a> <!-- navigator-link -->
          </div> <!-- suite-header light-rounded-window-top -->
          <div class="navigator-suite-content">
            <div class="suite-section-title">
              <span>Info</span>
            </div> <!-- suite-section-title -->
            <div class="suite-section-content">
              <ul>
                <li>
                  <a href="#" class="navigator-link " panel-name="test-xml-BDD_Test_Suite">
                    <span>C:\Users\Global IT\eclipse-workspace\AlvaroMorenoR-Pac.com(R-PAC) NEW\TestNG.xml</span>
                  </a> <!-- navigator-link  -->
                </li>
                <li>
                  <a href="#" class="navigator-link " panel-name="testlist-BDD_Test_Suite">
                    <span class="test-stats">2 tests</span>
                  </a> <!-- navigator-link  -->
                </li>
                <li>
                  <a href="#" class="navigator-link " panel-name="group-BDD_Test_Suite">
                    <span>1 group</span>
                  </a> <!-- navigator-link  -->
                </li>
                <li>
                  <a href="#" class="navigator-link " panel-name="times-BDD_Test_Suite">
                    <span>Times</span>
                  </a> <!-- navigator-link  -->
                </li>
                <li>
                  <a href="#" class="navigator-link " panel-name="reporter-BDD_Test_Suite">
                    <span>Reporter output</span>
                  </a> <!-- navigator-link  -->
                </li>
                <li>
                  <a href="#" class="navigator-link " panel-name="ignored-methods-BDD_Test_Suite">
                    <span>Ignored methods</span>
                  </a> <!-- navigator-link  -->
                </li>
                <li>
                  <a href="#" class="navigator-link " panel-name="chronological-BDD_Test_Suite">
                    <span>Chronological view</span>
                  </a> <!-- navigator-link  -->
                </li>
              </ul>
            </div> <!-- suite-section-content -->
            <div class="result-section">
              <div class="suite-section-title">
                <span>Results</span>
              </div> <!-- suite-section-title -->
              <div class="suite-section-content">
                <ul>
                  <li>
                    <span class="method-stats">2 methods, 2 failed,   </span>
                  </li>
                  <li>
                    <span class="method-list-title failed">Failed methods</span>
                    <span class="show-or-hide-methods failed">
                      <a href="#" panel-name="suite-BDD_Test_Suite" class="hide-methods failed suite-BDD_Test_Suite"> (hide)</a> <!-- hide-methods failed suite-BDD_Test_Suite -->
                      <a href="#" panel-name="suite-BDD_Test_Suite" class="show-methods failed suite-BDD_Test_Suite"> (show)</a> <!-- show-methods failed suite-BDD_Test_Suite -->
                    </span>
                    <div class="method-list-content failed suite-BDD_Test_Suite">
                      <span>
                        <img width="3%" src="failed.png"/>
                        <a href="#" class="method navigator-link" panel-name="suite-BDD_Test_Suite" title="MyRunner.TestRunner" hash-for-method="feature(R-PACMango.com CRM E-Coomerece Feature Main Finish..)">feature(R-PACMango.com CRM E-Coomerece Feature Main Finish..)</a> <!-- method navigator-link -->
                      </span>
                      <br/>
                      <span>
                        <img width="3%" src="failed.png"/>
                        <a href="#" class="method navigator-link" panel-name="suite-BDD_Test_Suite" title="MyRunner.TestRunner" hash-for-method="feature(R-PACMango.com CRM E-Coomerece Feature Main Finish..)">feature(R-PACMango.com CRM E-Coomerece Feature Main Finish..)</a> <!-- method navigator-link -->
                      </span>
                      <br/>
                    </div> <!-- method-list-content failed suite-BDD_Test_Suite -->
                  </li>
                </ul>
              </div> <!-- suite-section-content -->
            </div> <!-- result-section -->
          </div> <!-- navigator-suite-content -->
        </div> <!-- rounded-window -->
      </div> <!-- suite -->
    </div> <!-- navigator-root -->
    <div class="wrapper">
      <div class="main-panel-root">
        <div panel-name="suite-BDD_Test_Suite" class="panel BDD_Test_Suite">
          <div class="suite-BDD_Test_Suite-class-failed">
            <div class="main-panel-header rounded-window-top">
              <img src="failed.png"/>
              <span class="class-name">MyRunner.TestRunner</span>
            </div> <!-- main-panel-header rounded-window-top -->
            <div class="main-panel-content rounded-window-bottom">
              <div class="method">
                <div class="method-content">
                  <a name="feature(R-PACMango.com CRM E-Coomerece Feature Main Finish..)">
                  </a> <!-- feature(R-PACMango.com CRM E-Coomerece Feature Main Finish..) -->
                  <span class="method-name">feature</span>
                  <span class="parameters">(R-PACMango.com CRM E-Coomerece Feature Main Finish..)</span>
                  <div class="stack-trace">cucumber.runtime.CucumberException: org.openqa.selenium.WebDriverException: chrome not reachable
  (Session info: chrome=87.0.4280.88)
Build info: version: &apos;3.11.0&apos;, revision: &apos;e59cfb3&apos;, time: &apos;2018-03-11T20:26:55.152Z&apos;
System info: host: &apos;DESKTOP-M0JQEN5&apos;, ip: &apos;20.0.0.4&apos;, os.name: &apos;Windows 10&apos;, os.arch: &apos;amd64&apos;, os.version: &apos;10.0&apos;, java.version: &apos;1.8.0_271&apos;
Driver info: org.openqa.selenium.chrome.ChromeDriver
Capabilities {acceptInsecureCerts: false, browserName: chrome, browserVersion: 87.0.4280.88, chrome: {chromedriverVersion: 87.0.4280.88 (89e2380a3e36c..., userDataDir: C:\Users\GLOBAL~1\AppData\L...}, goog:chromeOptions: {debuggerAddress: localhost:63248}, javascriptEnabled: true, networkConnectionEnabled: false, pageLoadStrategy: normal, platform: WINDOWS, platformName: WINDOWS, proxy: Proxy(), setWindowRect: true, strictFileInteractability: false, timeouts: {implicit: 0, pageLoad: 300000, script: 30000}, unhandledPromptBehavior: dismiss and notify, webauthn:virtualAuthenticators: true}
Session ID: c8c3187fcf9c7b8c0cac390f976c9c78
*** Element info: {Using=class name, value=user-name}
	at cucumber.api.testng.TestNGCucumberRunner.runCucumber(TestNGCucumberRunner.java:69)
	at MyRunner.TestRunner.feature(TestRunner.java:57)
	at java.util.concurrent.FutureTask.run(Unknown Source)
	at java.util.concurrent.ThreadPoolExecutor.runWorker(Unknown Source)
	at java.util.concurrent.ThreadPoolExecutor$Worker.run(Unknown Source)
	at java.lang.Thread.run(Unknown Source)
Caused by: org.openqa.selenium.WebDriverException: chrome not reachable
  (Session info: chrome=87.0.4280.88)
Build info: version: &apos;3.11.0&apos;, revision: &apos;e59cfb3&apos;, time: &apos;2018-03-11T20:26:55.152Z&apos;
System info: host: &apos;DESKTOP-M0JQEN5&apos;, ip: &apos;20.0.0.4&apos;, os.name: &apos;Windows 10&apos;, os.arch: &apos;amd64&apos;, os.version: &apos;10.0&apos;, java.version: &apos;1.8.0_271&apos;
Driver info: org.openqa.selenium.chrome.ChromeDriver
Capabilities {acceptInsecureCerts: false, browserName: chrome, browserVersion: 87.0.4280.88, chrome: {chromedriverVersion: 87.0.4280.88 (89e2380a3e36c..., userDataDir: C:\Users\GLOBAL~1\AppData\L...}, goog:chromeOptions: {debuggerAddress: localhost:63248}, javascriptEnabled: true, networkConnectionEnabled: false, pageLoadStrategy: normal, platform: WINDOWS, platformName: WINDOWS, proxy: Proxy(), setWindowRect: true, strictFileInteractability: false, timeouts: {implicit: 0, pageLoad: 300000, script: 30000}, unhandledPromptBehavior: dismiss and notify, webauthn:virtualAuthenticators: true}
Session ID: c8c3187fcf9c7b8c0cac390f976c9c78
*** Element info: {Using=class name, value=user-name}
	at org.openqa.selenium.remote.http.W3CHttpResponseCodec.createException(W3CHttpResponseCodec.java:187)
	at org.openqa.selenium.remote.http.W3CHttpResponseCodec.decode(W3CHttpResponseCodec.java:122)
	at org.openqa.selenium.remote.http.W3CHttpResponseCodec.decode(W3CHttpResponseCodec.java:49)
	at org.openqa.selenium.remote.HttpCommandExecutor.execute(HttpCommandExecutor.java:158)
	at org.openqa.selenium.remote.service.DriverCommandExecutor.execute(DriverCommandExecutor.java:83)
	at org.openqa.selenium.remote.RemoteWebDriver.execute(RemoteWebDriver.java:545)
	at org.openqa.selenium.remote.RemoteWebDriver.findElement(RemoteWebDriver.java:319)
	at org.openqa.selenium.remote.RemoteWebDriver.findElementByClassName(RemoteWebDriver.java:405)
	at org.openqa.selenium.By$ByClassName.findElement(By.java:391)
	at org.openqa.selenium.remote.RemoteWebDriver.findElement(RemoteWebDriver.java:311)
	at pageObjects.LoginUserPassword.logout(LoginUserPassword.java:60)
	at stepDefinitions.LoginStepDefinition.logout(LoginStepDefinition.java:1035)
	at ✽.Then Logout(alvoromareno.feature:18)
... Removed 20 stack frames
</div> <!-- stack-trace -->
                  <em>
(Runs Cucumber Feature)                  </em>
                </div> <!-- method-content -->
              </div> <!-- method -->
              <div class="method">
                <div class="method-content">
                  <a name="feature(R-PACMango.com CRM E-Coomerece Feature Main Finish..)">
                  </a> <!-- feature(R-PACMango.com CRM E-Coomerece Feature Main Finish..) -->
                  <span class="method-name">feature</span>
                  <span class="parameters">(R-PACMango.com CRM E-Coomerece Feature Main Finish..)</span>
                  <div class="stack-trace">cucumber.runtime.CucumberException: org.openqa.selenium.SessionNotCreatedException: session not created
from chrome not reachable
  (Session info: chrome=87.0.4280.88)
Build info: version: &apos;3.11.0&apos;, revision: &apos;e59cfb3&apos;, time: &apos;2018-03-11T20:26:55.152Z&apos;
System info: host: &apos;DESKTOP-M0JQEN5&apos;, ip: &apos;20.0.0.4&apos;, os.name: &apos;Windows 10&apos;, os.arch: &apos;amd64&apos;, os.version: &apos;10.0&apos;, java.version: &apos;1.8.0_271&apos;
Driver info: driver.version: ChromeDriver
remote stacktrace: Backtrace:
	Ordinal0 [0x0119C0C3+3326147]
	Ordinal0 [0x01080851+2164817]
	Ordinal0 [0x00F07140+618816]
	Ordinal0 [0x00EFD404+578564]
	Ordinal0 [0x00EFDACB+580299]
	Ordinal0 [0x00EFED35+585013]
	Ordinal0 [0x00EF9D61+564577]
	Ordinal0 [0x00F082C0+623296]
	Ordinal0 [0x00EA6BDD+224221]
	Ordinal0 [0x00EA5CAC+220332]
	Ordinal0 [0x00EA189B+202907]
	Ordinal0 [0x00E83DF4+81396]
	Ordinal0 [0x00E84DEE+85486]
	Ordinal0 [0x00E84D79+85369]
	Ordinal0 [0x010985DC+2262492]
	GetHandleVerifier [0x01322874+1487204]
	GetHandleVerifier [0x013223CD+1486013]
	GetHandleVerifier [0x0132A368+1518680]
	GetHandleVerifier [0x01322F4E+1488958]
	Ordinal0 [0x0108ED0D+2223373]
	Ordinal0 [0x0109A12B+2269483]
	Ordinal0 [0x0109A26F+2269807]
	Ordinal0 [0x010AECB8+2354360]
	BaseThreadInitThunk [0x764A6359+25]
	RtlGetAppContainerNamedObjectPath [0x77C18944+228]
	RtlGetAppContainerNamedObjectPath [0x77C18914+180]

	at cucumber.api.testng.TestNGCucumberRunner.runCucumber(TestNGCucumberRunner.java:69)
	at MyRunner.TestRunner.feature(TestRunner.java:57)
	at java.util.concurrent.FutureTask.run(Unknown Source)
	at java.util.concurrent.ThreadPoolExecutor.runWorker(Unknown Source)
	at java.util.concurrent.ThreadPoolExecutor$Worker.run(Unknown Source)
	at java.lang.Thread.run(Unknown Source)
Caused by: org.openqa.selenium.SessionNotCreatedException: session not created
from chrome not reachable
  (Session info: chrome=87.0.4280.88)
Build info: version: &apos;3.11.0&apos;, revision: &apos;e59cfb3&apos;, time: &apos;2018-03-11T20:26:55.152Z&apos;
System info: host: &apos;DESKTOP-M0JQEN5&apos;, ip: &apos;20.0.0.4&apos;, os.name: &apos;Windows 10&apos;, os.arch: &apos;amd64&apos;, os.version: &apos;10.0&apos;, java.version: &apos;1.8.0_271&apos;
Driver info: driver.version: ChromeDriver
remote stacktrace: Backtrace:
	Ordinal0 [0x0119C0C3+3326147]
	Ordinal0 [0x01080851+2164817]
	Ordinal0 [0x00F07140+618816]
	Ordinal0 [0x00EFD404+578564]
	Ordinal0 [0x00EFDACB+580299]
	Ordinal0 [0x00EFED35+585013]
	Ordinal0 [0x00EF9D61+564577]
	Ordinal0 [0x00F082C0+623296]
	Ordinal0 [0x00EA6BDD+224221]
	Ordinal0 [0x00EA5CAC+220332]
	Ordinal0 [0x00EA189B+202907]
	Ordinal0 [0x00E83DF4+81396]
	Ordinal0 [0x00E84DEE+85486]
	Ordinal0 [0x00E84D79+85369]
	Ordinal0 [0x010985DC+2262492]
	GetHandleVerifier [0x01322874+1487204]
	GetHandleVerifier [0x013223CD+1486013]
	GetHandleVerifier [0x0132A368+1518680]
	GetHandleVerifier [0x01322F4E+1488958]
	Ordinal0 [0x0108ED0D+2223373]
	Ordinal0 [0x0109A12B+2269483]
	Ordinal0 [0x0109A26F+2269807]
	Ordinal0 [0x010AECB8+2354360]
	BaseThreadInitThunk [0x764A6359+25]
	RtlGetAppContainerNamedObjectPath [0x77C18944+228]
	RtlGetAppContainerNamedObjectPath [0x77C18914+180]

	at org.openqa.selenium.remote.W3CHandshakeResponse.lambda$new$0(W3CHandshakeResponse.java:57)
	at org.openqa.selenium.remote.W3CHandshakeResponse.lambda$getResponseFunction$2(W3CHandshakeResponse.java:104)
	at org.openqa.selenium.remote.ProtocolHandshake.lambda$createSession$0(ProtocolHandshake.java:123)
	at java.util.stream.ReferencePipeline$3$1.accept(Unknown Source)
	at java.util.Spliterators$ArraySpliterator.tryAdvance(Unknown Source)
	at java.util.stream.ReferencePipeline.forEachWithCancel(Unknown Source)
	at java.util.stream.AbstractPipeline.copyIntoWithCancel(Unknown Source)
	at java.util.stream.AbstractPipeline.copyInto(Unknown Source)
	at java.util.stream.AbstractPipeline.wrapAndCopyInto(Unknown Source)
	at java.util.stream.FindOps$FindOp.evaluateSequential(Unknown Source)
	at java.util.stream.AbstractPipeline.evaluate(Unknown Source)
	at java.util.stream.ReferencePipeline.findFirst(Unknown Source)
	at org.openqa.selenium.remote.ProtocolHandshake.createSession(ProtocolHandshake.java:126)
	at org.openqa.selenium.remote.ProtocolHandshake.createSession(ProtocolHandshake.java:73)
	at org.openqa.selenium.remote.HttpCommandExecutor.execute(HttpCommandExecutor.java:136)
	at org.openqa.selenium.remote.service.DriverCommandExecutor.execute(DriverCommandExecutor.java:83)
	at org.openqa.selenium.remote.RemoteWebDriver.execute(RemoteWebDriver.java:545)
	at org.openqa.selenium.remote.RemoteWebDriver.startSession(RemoteWebDriver.java:209)
	at org.openqa.selenium.remote.RemoteWebDriver.&lt;init&gt;(RemoteWebDriver.java:132)
	at org.openqa.selenium.chrome.ChromeDriver.&lt;init&gt;(ChromeDriver.java:181)
	at org.openqa.selenium.chrome.ChromeDriver.&lt;init&gt;(ChromeDriver.java:168)
	at org.openqa.selenium.chrome.ChromeDriver.&lt;init&gt;(ChromeDriver.java:123)
	at stepDefinitions.LoginStepDefinition.navigateUser(LoginStepDefinition.java:79)
	at ✽.Given Navigate user to Login Page &quot;http://devrtrac.r-pac.com/&quot; and &quot;chrome&quot;(alvoromareno.feature:7)
... Removed 20 stack frames
</div> <!-- stack-trace -->
                  <em>
(Runs Cucumber Feature)                  </em>
                </div> <!-- method-content -->
              </div> <!-- method -->
            </div> <!-- main-panel-content rounded-window-bottom -->
          </div> <!-- suite-BDD_Test_Suite-class-failed -->
        </div> <!-- panel BDD_Test_Suite -->
        <div panel-name="test-xml-BDD_Test_Suite" class="panel">
          <div class="main-panel-header rounded-window-top">
            <span class="header-content">C:\Users\Global IT\eclipse-workspace\AlvaroMorenoR-Pac.com(R-PAC) NEW\TestNG.xml</span>
          </div> <!-- main-panel-header rounded-window-top -->
          <div class="main-panel-content rounded-window-bottom">
            <pre>
&lt;?xml version=&quot;1.0&quot; encoding=&quot;UTF-8&quot;?&gt;
&lt;!DOCTYPE suite SYSTEM &quot;http://testng.org/testng-1.0.dtd&quot;&gt;
&lt;suite thread-count=&quot;1&quot; configfailurepolicy=&quot;continue&quot; guice-stage=&quot;DEVELOPMENT&quot; name=&quot;BDD Test Suite&quot; parallel=&quot;tests&quot;&gt;
  &lt;test thread-count=&quot;1&quot; name=&quot;R-PAC Test&quot; parallel=&quot;tests&quot;&gt;
    &lt;classes&gt;
      &lt;class name=&quot;MyRunner.TestRunner&quot;/&gt;
    &lt;/classes&gt;
  &lt;/test&gt; &lt;!-- R-PAC Test --&gt;
  &lt;test thread-count=&quot;1&quot; name=&quot;R-PAC Test1&quot; parallel=&quot;tests&quot;&gt;
    &lt;classes&gt;
      &lt;class name=&quot;MyRunner.TestRunner&quot;/&gt;
    &lt;/classes&gt;
  &lt;/test&gt; &lt;!-- R-PAC Test1 --&gt;
&lt;/suite&gt; &lt;!-- BDD Test Suite --&gt;
            </pre>
          </div> <!-- main-panel-content rounded-window-bottom -->
        </div> <!-- panel -->
        <div panel-name="testlist-BDD_Test_Suite" class="panel">
          <div class="main-panel-header rounded-window-top">
            <span class="header-content">Tests for BDD Test Suite</span>
          </div> <!-- main-panel-header rounded-window-top -->
          <div class="main-panel-content rounded-window-bottom">
            <ul>
              <li>
                <span class="test-name">R-PAC Test (1 class)</span>
              </li>
              <li>
                <span class="test-name">R-PAC Test1 (1 class)</span>
              </li>
            </ul>
          </div> <!-- main-panel-content rounded-window-bottom -->
        </div> <!-- panel -->
        <div panel-name="group-BDD_Test_Suite" class="panel">
          <div class="main-panel-header rounded-window-top">
            <span class="header-content">Groups for BDD Test Suite</span>
          </div> <!-- main-panel-header rounded-window-top -->
          <div class="main-panel-content rounded-window-bottom">
            <div class="test-group">
              <span class="test-group-name">cucumber</span>
              <br/>
              <div class="method-in-group">
                <span class="method-in-group-name">feature</span>
                <br/>
              </div> <!-- method-in-group -->
            </div> <!-- test-group -->
          </div> <!-- main-panel-content rounded-window-bottom -->
        </div> <!-- panel -->
        <div panel-name="times-BDD_Test_Suite" class="panel">
          <div class="main-panel-header rounded-window-top">
            <span class="header-content">Times for BDD Test Suite</span>
          </div> <!-- main-panel-header rounded-window-top -->
          <div class="main-panel-content rounded-window-bottom">
            <div class="times-div">
              <script type="text/javascript">
suiteTableInitFunctions.push('tableData_BDD_Test_Suite');
function tableData_BDD_Test_Suite() {
var data = new google.visualization.DataTable();
data.addColumn('number', 'Number');
data.addColumn('string', 'Method');
data.addColumn('string', 'Class');
data.addColumn('number', 'Time (ms)');
data.addRows(2);
data.setCell(0, 0, 0)
data.setCell(0, 1, 'feature')
data.setCell(0, 2, 'MyRunner.TestRunner')
data.setCell(0, 3, 83797);
data.setCell(1, 0, 1)
data.setCell(1, 1, 'feature')
data.setCell(1, 2, 'MyRunner.TestRunner')
data.setCell(1, 3, 17308);
window.suiteTableData['BDD_Test_Suite']= { tableData: data, tableDiv: 'times-div-BDD_Test_Suite'}
return data;
}
              </script>
              <span class="suite-total-time">Total running time: 1 minutes</span>
              <div id="times-div-BDD_Test_Suite">
              </div> <!-- times-div-BDD_Test_Suite -->
            </div> <!-- times-div -->
          </div> <!-- main-panel-content rounded-window-bottom -->
        </div> <!-- panel -->
        <div panel-name="reporter-BDD_Test_Suite" class="panel">
          <div class="main-panel-header rounded-window-top">
            <span class="header-content">Reporter output for BDD Test Suite</span>
          </div> <!-- main-panel-header rounded-window-top -->
          <div class="main-panel-content rounded-window-bottom">
          </div> <!-- main-panel-content rounded-window-bottom -->
        </div> <!-- panel -->
        <div panel-name="ignored-methods-BDD_Test_Suite" class="panel">
          <div class="main-panel-header rounded-window-top">
            <span class="header-content">0 ignored methods</span>
          </div> <!-- main-panel-header rounded-window-top -->
          <div class="main-panel-content rounded-window-bottom">
          </div> <!-- main-panel-content rounded-window-bottom -->
        </div> <!-- panel -->
        <div panel-name="chronological-BDD_Test_Suite" class="panel">
          <div class="main-panel-header rounded-window-top">
            <span class="header-content">Methods in chronological order</span>
          </div> <!-- main-panel-header rounded-window-top -->
          <div class="main-panel-content rounded-window-bottom">
            <div class="chronological-class">
              <div class="chronological-class-name">MyRunner.TestRunner</div> <!-- chronological-class-name -->
              <div class="configuration-class before">
                <span class="method-name">setUpClass</span>
                <span class="method-start">0 ms</span>
              </div> <!-- configuration-class before -->
              <div class="test-method">
                <img src="failed.png">
                </img>
                <span class="method-name">feature(R-PACMango.com CRM E-Coomerece Feature Main Finish..)</span>
                <span class="method-start">594 ms</span>
              </div> <!-- test-method -->
              <div class="configuration-class after">
                <span class="method-name">tearDownClass</span>
                <span class="method-start">84396 ms</span>
              </div> <!-- configuration-class after -->
              <div class="configuration-class before">
                <span class="method-name">setUpClass</span>
                <span class="method-start">84456 ms</span>
              </div> <!-- configuration-class before -->
              <div class="test-method">
                <img src="failed.png">
                </img>
                <span class="method-name">feature(R-PACMango.com CRM E-Coomerece Feature Main Finish..)</span>
                <span class="method-start">84508 ms</span>
              </div> <!-- test-method -->
              <div class="configuration-class after">
                <span class="method-name">tearDownClass</span>
                <span class="method-start">101825 ms</span>
              </div> <!-- configuration-class after -->
          </div> <!-- main-panel-content rounded-window-bottom -->
        </div> <!-- panel -->
      </div> <!-- main-panel-root -->
    </div> <!-- wrapper -->
  </body>
</html>
