<?xml version="1.0" encoding="UTF-8"?>
<!-- Generated by org.testng.reporters.JUnitXMLReporter -->
<testsuite hostname="rupesh" failures="1" tests="1" name="Change_Password_Test" time="33.886" errors="0" timestamp="23 Apr 2020 05:28:34 GMT">
  <testcase classname="com.dataseers.qa.testcases.ChangePassword_Test" name="Change_Password_Test" time="28.66">
    <failure type="java.lang.AssertionError" message="change password test failed">
      <![CDATA[java.lang.AssertionError: change password test failed
	at com.dataseers.qa.testcases.ChangePassword_Test.Change_Password_Test(ChangePassword_Test.java:73)
... Removed 25 stack frames]]>
    </failure>
  </testcase> <!-- Change_Password_Test -->
</testsuite> <!-- Change_Password_Test -->
