<?xml version="1.0" encoding="UTF-8"?>
<!-- Generated by org.testng.reporters.JUnitXMLReporter -->
<testsuite hostname="rupesh" failures="1" tests="1" name="Change_Password_Test" time="54.771" errors="0" timestamp="7 Jul 2020 11:07:33 GMT">
  <testcase classname="com.dataseers.qa.testcases.ChangePassword_Test" name="Change_Password_Test" time="49.434">
    <failure type="java.lang.AssertionError" message="null">
      <![CDATA[java.lang.AssertionError: null
	at com.dataseers.qa.pages.user_details.ChangePassword.save_password(ChangePassword.java:131)
	at com.dataseers.qa.testcases.ChangePassword_Test.Change_Password_Test(ChangePassword_Test.java:64)
... Removed 26 stack frames]]>
    </failure>
  </testcase> <!-- Change_Password_Test -->
</testsuite> <!-- Change_Password_Test -->
