<html>
<head>
<title>TestNG:  R-PAC Test(failed)</title>
<link href="../testng.css" rel="stylesheet" type="text/css" />
<link href="../my-testng.css" rel="stylesheet" type="text/css" />

<style type="text/css">
.log { display: none;} 
.stack-trace { display: none;} 
</style>
<script type="text/javascript">
<!--
function flip(e) {
  current = e.style.display;
  if (current == 'block') {
    e.style.display = 'none';
    return 0;
  }
  else {
    e.style.display = 'block';
    return 1;
  }
}

function toggleBox(szDivId, elem, msg1, msg2)
{
  var res = -1;  if (document.getElementById) {
    res = flip(document.getElementById(szDivId));
  }
  else if (document.all) {
    // this is the way old msie versions work
    res = flip(document.all[szDivId]);
  }
  if(elem) {
    if(res == 0) elem.innerHTML = msg1; else elem.innerHTML = msg2;
  }

}

function toggleAllBoxes() {
  if (document.getElementsByTagName) {
    d = document.getElementsByTagName('div');
    for (i = 0; i < d.length; i++) {
      if (d[i].className == 'log') {
        flip(d[i]);
      }
    }
  }
}

// -->
</script>

</head>
<body>
<h2 align='center'>R-PAC Test(failed)</h2><table border='1' align="center">
<tr>
<td>Tests passed/Failed/Skipped:</td><td>0/1/0</td>
</tr><tr>
<td>Started on:</td><td>Sun Dec 20 23:00:12 IST 2020</td>
</tr>
<tr><td>Total time:</td><td>18 seconds (18573 ms)</td>
</tr><tr>
<td>Included groups:</td><td></td>
</tr><tr>
<td>Excluded groups:</td><td></td>
</tr>
</table><p/>
<small><i>(Hover the method name to see the test class name)</i></small><p/>
<table width='100%' border='1' class='invocation-failed'>
<tr><td colspan='4' align='center'><b>FAILED TESTS</b></td></tr>
<tr><td><b>Test method</b></td>
<td width="30%"><b>Exception</b></td>
<td width="10%"><b>Time (seconds)</b></td>
<td><b>Instance</b></td>
</tr>
<tr>
<td title='MyRunner.TestRunner.feature()'><b>feature</b><br>Test class: MyRunner.TestRunner<br>Test method: Runs Cucumber Feature<br>Parameters: R-PACMango.com CRM E-Coomerece Feature Main Finish..</td>
<td><div><pre>cucumber.runtime.CucumberException: org.openqa.selenium.SessionNotCreatedException: session not created
from chrome not reachable
  (Session info: chrome=87.0.4280.88)
Build info: version: &apos;3.11.0&apos;, revision: &apos;e59cfb3&apos;, time: &apos;2018-03-11T20:26:55.152Z&apos;
System info: host: &apos;DESKTOP-M0JQEN5&apos;, ip: &apos;192.168.43.59&apos;, os.name: &apos;Windows 10&apos;, os.arch: &apos;amd64&apos;, os.version: &apos;10.0&apos;, java.version: &apos;1.8.0_271&apos;
Driver info: driver.version: ChromeDriver
remote stacktrace: Backtrace:
	Ordinal0 [0x0119C0C3+3326147]
	Ordinal0 [0x01080851+2164817]
	Ordinal0 [0x00F07140+618816]
	Ordinal0 [0x00EFD404+578564]
	Ordinal0 [0x00EFDACB+580299]
	Ordinal0 [0x00EFED35+585013]
	Ordinal0 [0x00EF9D61+564577]
	Ordinal0 [0x00F082C0+623296]
	Ordinal0 [0x00EA6BDD+224221]
	Ordinal0 [0x00EA5CAC+220332]
	Ordinal0 [0x00EA189B+202907]
	Ordinal0 [0x00E83DF4+81396]
	Ordinal0 [0x00E84DEE+85486]
	Ordinal0 [0x00E84D79+85369]
	Ordinal0 [0x010985DC+2262492]
	GetHandleVerifier [0x01322874+1487204]
	GetHandleVerifier [0x013223CD+1486013]
	GetHandleVerifier [0x0132A368+1518680]
	GetHandleVerifier [0x01322F4E+1488958]
	Ordinal0 [0x0108ED0D+2223373]
	Ordinal0 [0x0109A12B+2269483]
	Ordinal0 [0x0109A26F+2269807]
	Ordinal0 [0x010AECB8+2354360]
	BaseThreadInitThunk [0x764A6359+25]
	RtlGetAppContainerNamedObjectPath [0x77C18944+228]
	RtlGetAppContainerNamedObjectPath [0x77C18914+180]

	at cucumber.api.testng.TestNGCucumberRunner.runCucumber(TestNGCucumberRunner.java:69)
	at MyRunner.TestRunner.feature(TestRunner.java:57)
	at java.util.concurrent.FutureTask.run(Unknown Source)
	at java.util.concurrent.ThreadPoolExecutor.runWorker(Unknown Source)
	at java.util.concurrent.ThreadPoolExecutor$Worker.run(Unknown Source)
	at java.lang.Thread.run(Unknown Source)
Caused by: org.openqa.selenium.SessionNotCreatedException: session not created
from chrome not reachable
  (Session info: chrome=87.0.4280.88)
Build info: version: &apos;3.11.0&apos;, revision: &apos;e59cfb3&apos;, time: &apos;2018-03-11T20:26:55.152Z&apos;
System info: host: &apos;DESKTOP-M0JQEN5&apos;, ip: &apos;192.168.43.59&apos;, os.name: &apos;Windows 10&apos;, os.arch: &apos;amd64&apos;, os.version: &apos;10.0&apos;, java.version: &apos;1.8.0_271&apos;
Driver info: driver.version: ChromeDriver
remote stacktrace: Backtrace:
	Ordinal0 [0x0119C0C3+3326147]
	Ordinal0 [0x01080851+2164817]
	Ordinal0 [0x00F07140+618816]
	Ordinal0 [0x00EFD404+578564]
	Ordinal0 [0x00EFDACB+580299]
	Ordinal0 [0x00EFED35+585013]
	Ordinal0 [0x00EF9D61+564577]
	Ordinal0 [0x00F082C0+623296]
	Ordinal0 [0x00EA6BDD+224221]
	Ordinal0 [0x00EA5CAC+220332]
	Ordinal0 [0x00EA189B+202907]
	Ordinal0 [0x00E83DF4+81396]
	Ordinal0 [0x00E84DEE+85486]
	Ordinal0 [0x00E84D79+85369]
	Ordinal0 [0x010985DC+2262492]
	GetHandleVerifier [0x01322874+1487204]
	GetHandleVerifier [0x013223CD+1486013]
	GetHandleVerifier [0x0132A368+1518680]
	GetHandleVerifier [0x01322F4E+1488958]
	Ordinal0 [0x0108ED0D+2223373]
	Ordinal0 [0x0109A12B+2269483]
	Ordinal0 [0x0109A26F+2269807]
	Ordinal0 [0x010AECB8+2354360]
	BaseThreadInitThunk [0x764A6359+25]
	RtlGetAppContainerNamedObjectPath [0x77C18944+228]
	RtlGetAppContainerNamedObjectPath [0x77C18914+180]

	at org.openqa.selenium.remote.W3CHandshakeResponse.lambda$new$0(W3CHandshakeResponse.java:57)
	at org.openqa.selenium.remote.W3CHandshakeResponse.lambda$getResponseFunction$2(W3CHandshakeResponse.java:104)
	at org.openqa.selenium.remote.ProtocolHandshake.lambda$createSession$0(ProtocolHandshake.java:123)
	at java.util.stream.ReferencePipeline$3$1.accept(Unknown Source)
	at java.util.Spliterators$ArraySpliterator.tryAdvance(Unknown Source)
	at java.util.stream.ReferencePipeline.forEachWithCancel(Unknown Source)
	at java.util.stream.AbstractPipeline.copyIntoWithCancel(Unknown Source)
	at java.util.stream.AbstractPipeline.copyInto(Unknown Source)
	at java.util.stream.AbstractPipeline.wrapAndCopyInto(Unknown Source)
	at java.util.stream.FindOps$FindOp.evaluateSequential(Unknown Source)
	at java.util.stream.AbstractPipeline.evaluate(Unknown Source)
	at java.util.stream.ReferencePipeline.findFirst(Unknown Source)
	at org.openqa.selenium.remote.ProtocolHandshake.createSession(ProtocolHandshake.java:126)
	at org.openqa.selenium.remote.ProtocolHandshake.createSession(ProtocolHandshake.java:73)
	at org.openqa.selenium.remote.HttpCommandExecutor.execute(HttpCommandExecutor.java:136)
	at org.openqa.selenium.remote.service.DriverCommandExecutor.execute(DriverCommandExecutor.java:83)
	at org.openqa.selenium.remote.RemoteWebDriver.execute(RemoteWebDriver.java:545)
	at org.openqa.selenium.remote.RemoteWebDriver.startSession(RemoteWebDriver.java:209)
	at org.openqa.selenium.remote.RemoteWebDriver.&lt;init&gt;(RemoteWebDriver.java:132)
	at org.openqa.selenium.chrome.ChromeDriver.&lt;init&gt;(ChromeDriver.java:181)
	at org.openqa.selenium.chrome.ChromeDriver.&lt;init&gt;(ChromeDriver.java:168)
	at org.openqa.selenium.chrome.ChromeDriver.&lt;init&gt;(ChromeDriver.java:123)
	at stepDefinitions.LoginStepDefinition.navigateUser(LoginStepDefinition.java:77)
	at ?.Given Navigate user to Login Page &quot;http://devrtrac.r-pac.com/&quot; and &quot;Chrome&quot;(alvoromareno.feature:225)
... Removed 20 stack frames</pre></div><a href='#' onClick='toggleBox("stack-trace1858162417", this, "Click to show all stack frames", "Click to hide stack frames")'>Click to show all stack frames</a>
<div class='stack-trace' id='stack-trace1858162417'><pre>cucumber.runtime.CucumberException: org.openqa.selenium.SessionNotCreatedException: session not created
from chrome not reachable
  (Session info: chrome=87.0.4280.88)
Build info: version: &apos;3.11.0&apos;, revision: &apos;e59cfb3&apos;, time: &apos;2018-03-11T20:26:55.152Z&apos;
System info: host: &apos;DESKTOP-M0JQEN5&apos;, ip: &apos;192.168.43.59&apos;, os.name: &apos;Windows 10&apos;, os.arch: &apos;amd64&apos;, os.version: &apos;10.0&apos;, java.version: &apos;1.8.0_271&apos;
Driver info: driver.version: ChromeDriver
remote stacktrace: Backtrace:
	Ordinal0 [0x0119C0C3+3326147]
	Ordinal0 [0x01080851+2164817]
	Ordinal0 [0x00F07140+618816]
	Ordinal0 [0x00EFD404+578564]
	Ordinal0 [0x00EFDACB+580299]
	Ordinal0 [0x00EFED35+585013]
	Ordinal0 [0x00EF9D61+564577]
	Ordinal0 [0x00F082C0+623296]
	Ordinal0 [0x00EA6BDD+224221]
	Ordinal0 [0x00EA5CAC+220332]
	Ordinal0 [0x00EA189B+202907]
	Ordinal0 [0x00E83DF4+81396]
	Ordinal0 [0x00E84DEE+85486]
	Ordinal0 [0x00E84D79+85369]
	Ordinal0 [0x010985DC+2262492]
	GetHandleVerifier [0x01322874+1487204]
	GetHandleVerifier [0x013223CD+1486013]
	GetHandleVerifier [0x0132A368+1518680]
	GetHandleVerifier [0x01322F4E+1488958]
	Ordinal0 [0x0108ED0D+2223373]
	Ordinal0 [0x0109A12B+2269483]
	Ordinal0 [0x0109A26F+2269807]
	Ordinal0 [0x010AECB8+2354360]
	BaseThreadInitThunk [0x764A6359+25]
	RtlGetAppContainerNamedObjectPath [0x77C18944+228]
	RtlGetAppContainerNamedObjectPath [0x77C18914+180]

	at cucumber.api.testng.TestNGCucumberRunner.runCucumber(TestNGCucumberRunner.java:69)
	at MyRunner.TestRunner.feature(TestRunner.java:57)
	at sun.reflect.NativeMethodAccessorImpl.invoke0(Native Method)
	at sun.reflect.NativeMethodAccessorImpl.invoke(Unknown Source)
	at sun.reflect.DelegatingMethodAccessorImpl.invoke(Unknown Source)
	at java.lang.reflect.Method.invoke(Unknown Source)
	at org.testng.internal.MethodInvocationHelper.invokeMethod(MethodInvocationHelper.java:124)
	at org.testng.internal.Invoker.invokeMethod(Invoker.java:583)
	at org.testng.internal.Invoker.invokeTestMethod(Invoker.java:719)
	at org.testng.internal.Invoker.invokeTestMethods(Invoker.java:989)
	at org.testng.internal.TestMethodWorker.invokeTestMethods(TestMethodWorker.java:125)
	at org.testng.internal.TestMethodWorker.run(TestMethodWorker.java:109)
	at org.testng.TestRunner.privateRun(TestRunner.java:648)
	at org.testng.TestRunner.run(TestRunner.java:505)
	at org.testng.SuiteRunner.runTest(SuiteRunner.java:455)
	at org.testng.SuiteRunner.access$000(SuiteRunner.java:40)
	at org.testng.SuiteRunner$SuiteWorker.run(SuiteRunner.java:489)
	at org.testng.internal.thread.ThreadUtil$1.call(ThreadUtil.java:52)
	at java.util.concurrent.FutureTask.run(Unknown Source)
	at java.util.concurrent.ThreadPoolExecutor.runWorker(Unknown Source)
	at java.util.concurrent.ThreadPoolExecutor$Worker.run(Unknown Source)
	at java.lang.Thread.run(Unknown Source)
Caused by: org.openqa.selenium.SessionNotCreatedException: session not created
from chrome not reachable
  (Session info: chrome=87.0.4280.88)
Build info: version: &apos;3.11.0&apos;, revision: &apos;e59cfb3&apos;, time: &apos;2018-03-11T20:26:55.152Z&apos;
System info: host: &apos;DESKTOP-M0JQEN5&apos;, ip: &apos;192.168.43.59&apos;, os.name: &apos;Windows 10&apos;, os.arch: &apos;amd64&apos;, os.version: &apos;10.0&apos;, java.version: &apos;1.8.0_271&apos;
Driver info: driver.version: ChromeDriver
remote stacktrace: Backtrace:
	Ordinal0 [0x0119C0C3+3326147]
	Ordinal0 [0x01080851+2164817]
	Ordinal0 [0x00F07140+618816]
	Ordinal0 [0x00EFD404+578564]
	Ordinal0 [0x00EFDACB+580299]
	Ordinal0 [0x00EFED35+585013]
	Ordinal0 [0x00EF9D61+564577]
	Ordinal0 [0x00F082C0+623296]
	Ordinal0 [0x00EA6BDD+224221]
	Ordinal0 [0x00EA5CAC+220332]
	Ordinal0 [0x00EA189B+202907]
	Ordinal0 [0x00E83DF4+81396]
	Ordinal0 [0x00E84DEE+85486]
	Ordinal0 [0x00E84D79+85369]
	Ordinal0 [0x010985DC+2262492]
	GetHandleVerifier [0x01322874+1487204]
	GetHandleVerifier [0x013223CD+1486013]
	GetHandleVerifier [0x0132A368+1518680]
	GetHandleVerifier [0x01322F4E+1488958]
	Ordinal0 [0x0108ED0D+2223373]
	Ordinal0 [0x0109A12B+2269483]
	Ordinal0 [0x0109A26F+2269807]
	Ordinal0 [0x010AECB8+2354360]
	BaseThreadInitThunk [0x764A6359+25]
	RtlGetAppContainerNamedObjectPath [0x77C18944+228]
	RtlGetAppContainerNamedObjectPath [0x77C18914+180]

	at sun.reflect.NativeConstructorAccessorImpl.newInstance0(Native Method)
	at sun.reflect.NativeConstructorAccessorImpl.newInstance(Unknown Source)
	at sun.reflect.DelegatingConstructorAccessorImpl.newInstance(Unknown Source)
	at java.lang.reflect.Constructor.newInstance(Unknown Source)
	at org.openqa.selenium.remote.W3CHandshakeResponse.lambda$new$0(W3CHandshakeResponse.java:57)
	at org.openqa.selenium.remote.W3CHandshakeResponse.lambda$getResponseFunction$2(W3CHandshakeResponse.java:104)
	at org.openqa.selenium.remote.ProtocolHandshake.lambda$createSession$0(ProtocolHandshake.java:123)
	at java.util.stream.ReferencePipeline$3$1.accept(Unknown Source)
	at java.util.Spliterators$ArraySpliterator.tryAdvance(Unknown Source)
	at java.util.stream.ReferencePipeline.forEachWithCancel(Unknown Source)
	at java.util.stream.AbstractPipeline.copyIntoWithCancel(Unknown Source)
	at java.util.stream.AbstractPipeline.copyInto(Unknown Source)
	at java.util.stream.AbstractPipeline.wrapAndCopyInto(Unknown Source)
	at java.util.stream.FindOps$FindOp.evaluateSequential(Unknown Source)
	at java.util.stream.AbstractPipeline.evaluate(Unknown Source)
	at java.util.stream.ReferencePipeline.findFirst(Unknown Source)
	at org.openqa.selenium.remote.ProtocolHandshake.createSession(ProtocolHandshake.java:126)
	at org.openqa.selenium.remote.ProtocolHandshake.createSession(ProtocolHandshake.java:73)
	at org.openqa.selenium.remote.HttpCommandExecutor.execute(HttpCommandExecutor.java:136)
	at org.openqa.selenium.remote.service.DriverCommandExecutor.execute(DriverCommandExecutor.java:83)
	at org.openqa.selenium.remote.RemoteWebDriver.execute(RemoteWebDriver.java:545)
	at org.openqa.selenium.remote.RemoteWebDriver.startSession(RemoteWebDriver.java:209)
	at org.openqa.selenium.remote.RemoteWebDriver.&lt;init&gt;(RemoteWebDriver.java:132)
	at org.openqa.selenium.chrome.ChromeDriver.&lt;init&gt;(ChromeDriver.java:181)
	at org.openqa.selenium.chrome.ChromeDriver.&lt;init&gt;(ChromeDriver.java:168)
	at org.openqa.selenium.chrome.ChromeDriver.&lt;init&gt;(ChromeDriver.java:123)
	at stepDefinitions.LoginStepDefinition.navigateUser(LoginStepDefinition.java:77)
	at ?.Given Navigate user to Login Page &quot;http://devrtrac.r-pac.com/&quot; and &quot;Chrome&quot;(alvoromareno.feature:225)
</pre></div></td>
<td>18</td>
<td>MyRunner.TestRunner@5cb9f472</td></tr>
</table><p>
</body>
</html>