<?xml version="1.0" encoding="UTF-8"?>
<!-- Generated by org.testng.reporters.JUnitXMLReporter -->
<testsuite hostname="rupesh" failures="1" tests="1" name="SearchAuditLog_Test" time="26.857" errors="0" timestamp="22 Apr 2020 07:46:23 GMT">
  <testcase classname="com.dataseers.qa.testcases.SearchAuditLog_Test" name="Add_Newprogram_Test" time="20.422">
    <failure type="java.lang.AssertionError" message="null">
      <![CDATA[java.lang.AssertionError: null
	at com.dataseers.qa.pages.RegisterPage.proceedtoportal(RegisterPage.java:111)
	at com.dataseers.qa.testcases.SearchAuditLog_Test.Add_Newprogram_Test(SearchAuditLog_Test.java:47)
... Removed 26 stack frames]]>
    </failure>
  </testcase> <!-- Add_Newprogram_Test -->
</testsuite> <!-- SearchAuditLog_Test -->
