<?xml version="1.0" encoding="UTF-8"?>
<!-- Generated by org.testng.reporters.JUnitReportReporter -->
<testsuite skipped="0" hostname="DESKTOP-M0JQEN5" name="MyRunner.TestRunner" tests="1" failures="0" timestamp="03 Feb 2021 10:54:52 GMT" time="18.313" errors="1">
  <testcase name="feature" time="18.313" classname="MyRunner.TestRunner">
    <error type="cucumber.runtime.CucumberException" message="org.openqa.selenium.SessionNotCreatedException: session not created
from chrome not reachable
  (Session info: chrome=88.0.4324.104)
Build info: version: &#039;3.11.0&#039;, revision: &#039;e59cfb3&#039;, time: &#039;2018-03-11T20:26:55.152Z&#039;
System info: host: &#039;DESKTOP-M0JQEN5&#039;, ip: &#039;192.168.43.59&#039;, os.name: &#039;Windows 10&#039;, os.arch: &#039;amd64&#039;, os.version: &#039;10.0&#039;, java.version: &#039;1.8.0_281&#039;
Driver info: driver.version: ChromeDriver
remote stacktrace: Backtrace:
	Ordinal0 [0x0107C0C3+3326147]
	Ordinal0 [0x00F60851+2164817]
	Ordinal0 [0x00DE7140+618816]
	Ordinal0 [0x00DDD404+578564]
	Ordinal0 [0x00DDDACB+580299]
	Ordinal0 [0x00DDED35+585013]
	Ordinal0 [0x00DD9D61+564577]
	Ordinal0 [0x00DE82C0+623296]
	Ordinal0 [0x00D86BDD+224221]
	Ordinal0 [0x00D85CAC+220332]
	Ordinal0 [0x00D8189B+202907]
	Ordinal0 [0x00D63DF4+81396]
	Ordinal0 [0x00D64DEE+85486]
	Ordinal0 [0x00D64D79+85369]
	Ordinal0 [0x00F785DC+2262492]
	GetHandleVerifier [0x01202874+1487204]
	GetHandleVerifier [0x012023CD+1486013]
	GetHandleVerifier [0x0120A368+1518680]
	GetHandleVerifier [0x01202F4E+1488958]
	Ordinal0 [0x00F6ED0D+2223373]
	Ordinal0 [0x00F7A12B+2269483]
	Ordinal0 [0x00F7A26F+2269807]
	Ordinal0 [0x00F8ECB8+2354360]
	BaseThreadInitThunk [0x76456359+25]
	RtlGetAppContainerNamedObjectPath [0x77698944+228]
	RtlGetAppContainerNamedObjectPath [0x77698914+180]
">
      <![CDATA[cucumber.runtime.CucumberException: org.openqa.selenium.SessionNotCreatedException: session not created
from chrome not reachable
  (Session info: chrome=88.0.4324.104)
Build info: version: '3.11.0', revision: 'e59cfb3', time: '2018-03-11T20:26:55.152Z'
System info: host: 'DESKTOP-M0JQEN5', ip: '192.168.43.59', os.name: 'Windows 10', os.arch: 'amd64', os.version: '10.0', java.version: '1.8.0_281'
Driver info: driver.version: ChromeDriver
remote stacktrace: Backtrace:
Ordinal0 [0x0107C0C3+3326147]
Ordinal0 [0x00F60851+2164817]
Ordinal0 [0x00DE7140+618816]
Ordinal0 [0x00DDD404+578564]
Ordinal0 [0x00DDDACB+580299]
Ordinal0 [0x00DDED35+585013]
Ordinal0 [0x00DD9D61+564577]
Ordinal0 [0x00DE82C0+623296]
Ordinal0 [0x00D86BDD+224221]
Ordinal0 [0x00D85CAC+220332]
Ordinal0 [0x00D8189B+202907]
Ordinal0 [0x00D63DF4+81396]
Ordinal0 [0x00D64DEE+85486]
Ordinal0 [0x00D64D79+85369]
Ordinal0 [0x00F785DC+2262492]
GetHandleVerifier [0x01202874+1487204]
GetHandleVerifier [0x012023CD+1486013]
GetHandleVerifier [0x0120A368+1518680]
GetHandleVerifier [0x01202F4E+1488958]
Ordinal0 [0x00F6ED0D+2223373]
Ordinal0 [0x00F7A12B+2269483]
Ordinal0 [0x00F7A26F+2269807]
Ordinal0 [0x00F8ECB8+2354360]
BaseThreadInitThunk [0x76456359+25]
RtlGetAppContainerNamedObjectPath [0x77698944+228]
RtlGetAppContainerNamedObjectPath [0x77698914+180]

at cucumber.api.testng.TestNGCucumberRunner.runCucumber(TestNGCucumberRunner.java:69)
at MyRunner.TestRunner.feature(TestRunner.java:57)
at sun.reflect.NativeMethodAccessorImpl.invoke0(Native Method)
at sun.reflect.NativeMethodAccessorImpl.invoke(Unknown Source)
at sun.reflect.DelegatingMethodAccessorImpl.invoke(Unknown Source)
at java.lang.reflect.Method.invoke(Unknown Source)
at org.testng.internal.MethodInvocationHelper.invokeMethod(MethodInvocationHelper.java:124)
at org.testng.internal.Invoker.invokeMethod(Invoker.java:583)
at org.testng.internal.Invoker.invokeTestMethod(Invoker.java:719)
at org.testng.internal.Invoker.invokeTestMethods(Invoker.java:989)
at org.testng.internal.TestMethodWorker.invokeTestMethods(TestMethodWorker.java:125)
at org.testng.internal.TestMethodWorker.run(TestMethodWorker.java:109)
at org.testng.TestRunner.privateRun(TestRunner.java:648)
at org.testng.TestRunner.run(TestRunner.java:505)
at org.testng.SuiteRunner.runTest(SuiteRunner.java:455)
at org.testng.SuiteRunner.access$000(SuiteRunner.java:40)
at org.testng.SuiteRunner$SuiteWorker.run(SuiteRunner.java:489)
at org.testng.internal.thread.ThreadUtil$1.call(ThreadUtil.java:52)
at java.util.concurrent.FutureTask.run(Unknown Source)
at java.util.concurrent.ThreadPoolExecutor.runWorker(Unknown Source)
at java.util.concurrent.ThreadPoolExecutor$Worker.run(Unknown Source)
at java.lang.Thread.run(Unknown Source)
Caused by: org.openqa.selenium.SessionNotCreatedException: session not created
from chrome not reachable
  (Session info: chrome=88.0.4324.104)
Build info: version: '3.11.0', revision: 'e59cfb3', time: '2018-03-11T20:26:55.152Z'
System info: host: 'DESKTOP-M0JQEN5', ip: '192.168.43.59', os.name: 'Windows 10', os.arch: 'amd64', os.version: '10.0', java.version: '1.8.0_281'
Driver info: driver.version: ChromeDriver
remote stacktrace: Backtrace:
Ordinal0 [0x0107C0C3+3326147]
Ordinal0 [0x00F60851+2164817]
Ordinal0 [0x00DE7140+618816]
Ordinal0 [0x00DDD404+578564]
Ordinal0 [0x00DDDACB+580299]
Ordinal0 [0x00DDED35+585013]
Ordinal0 [0x00DD9D61+564577]
Ordinal0 [0x00DE82C0+623296]
Ordinal0 [0x00D86BDD+224221]
Ordinal0 [0x00D85CAC+220332]
Ordinal0 [0x00D8189B+202907]
Ordinal0 [0x00D63DF4+81396]
Ordinal0 [0x00D64DEE+85486]
Ordinal0 [0x00D64D79+85369]
Ordinal0 [0x00F785DC+2262492]
GetHandleVerifier [0x01202874+1487204]
GetHandleVerifier [0x012023CD+1486013]
GetHandleVerifier [0x0120A368+1518680]
GetHandleVerifier [0x01202F4E+1488958]
Ordinal0 [0x00F6ED0D+2223373]
Ordinal0 [0x00F7A12B+2269483]
Ordinal0 [0x00F7A26F+2269807]
Ordinal0 [0x00F8ECB8+2354360]
BaseThreadInitThunk [0x76456359+25]
RtlGetAppContainerNamedObjectPath [0x77698944+228]
RtlGetAppContainerNamedObjectPath [0x77698914+180]

at sun.reflect.NativeConstructorAccessorImpl.newInstance0(Native Method)
at sun.reflect.NativeConstructorAccessorImpl.newInstance(Unknown Source)
at sun.reflect.DelegatingConstructorAccessorImpl.newInstance(Unknown Source)
at java.lang.reflect.Constructor.newInstance(Unknown Source)
at org.openqa.selenium.remote.W3CHandshakeResponse.lambda$new$0(W3CHandshakeResponse.java:57)
at org.openqa.selenium.remote.W3CHandshakeResponse.lambda$getResponseFunction$2(W3CHandshakeResponse.java:104)
at org.openqa.selenium.remote.ProtocolHandshake.lambda$createSession$0(ProtocolHandshake.java:123)
at java.util.stream.ReferencePipeline$3$1.accept(Unknown Source)
at java.util.Spliterators$ArraySpliterator.tryAdvance(Unknown Source)
at java.util.stream.ReferencePipeline.forEachWithCancel(Unknown Source)
at java.util.stream.AbstractPipeline.copyIntoWithCancel(Unknown Source)
at java.util.stream.AbstractPipeline.copyInto(Unknown Source)
at java.util.stream.AbstractPipeline.wrapAndCopyInto(Unknown Source)
at java.util.stream.FindOps$FindOp.evaluateSequential(Unknown Source)
at java.util.stream.AbstractPipeline.evaluate(Unknown Source)
at java.util.stream.ReferencePipeline.findFirst(Unknown Source)
at org.openqa.selenium.remote.ProtocolHandshake.createSession(ProtocolHandshake.java:126)
at org.openqa.selenium.remote.ProtocolHandshake.createSession(ProtocolHandshake.java:73)
at org.openqa.selenium.remote.HttpCommandExecutor.execute(HttpCommandExecutor.java:136)
at org.openqa.selenium.remote.service.DriverCommandExecutor.execute(DriverCommandExecutor.java:83)
at org.openqa.selenium.remote.RemoteWebDriver.execute(RemoteWebDriver.java:545)
at org.openqa.selenium.remote.RemoteWebDriver.startSession(RemoteWebDriver.java:209)
at org.openqa.selenium.remote.RemoteWebDriver.<init>(RemoteWebDriver.java:132)
at org.openqa.selenium.chrome.ChromeDriver.<init>(ChromeDriver.java:181)
at org.openqa.selenium.chrome.ChromeDriver.<init>(ChromeDriver.java:168)
at org.openqa.selenium.chrome.ChromeDriver.<init>(ChromeDriver.java:123)
at stepDefinitions.LoginStepDefinition.navigateUser(LoginStepDefinition.java:65)
at âœ½.Given Navigate user to Login Page "http://google.com/" and "chrome"(test.feature:7)
]]>
    </error>
  </testcase> <!-- feature -->
</testsuite> <!-- MyRunner.TestRunner -->
