<?xml version="1.0" encoding="UTF-8"?>
<!-- Generated by org.testng.reporters.JUnitXMLReporter -->
<testsuite hostname="DESKTOP-M0JQEN5" ignored="0" name="R-PAC Test" tests="1" failures="1" timestamp="11 Dec 2020 10:58:06 GMT" time="181.225" errors="0">
  <testcase name="feature" time="180.804" classname="MyRunner.TestRunner">
    <failure type="cucumber.runtime.CucumberException" message="org.openqa.selenium.ElementClickInterceptedException: element click intercepted: Element &amp;lt;input placeholder=&amp;quot;yyyy-mm-dd&amp;quot; readonly=&amp;quot;true&amp;quot; autocomplete=&amp;quot;off&amp;quot; class=&amp;quot;form-control hasDatepicker&amp;quot; data-val=&amp;quot;true&amp;quot; data-val-required=&amp;quot;Please Select Requested Shippment Date.&amp;quot; id=&amp;quot;txtdtExpected&amp;quot; name=&amp;quot;dtExpected&amp;quot; type=&amp;quot;text&amp;quot; value=&amp;quot;&amp;quot;&amp;gt; is not clickable at point (631, 403). Other element would receive the click: &amp;lt;div id=&amp;quot;smartAlert&amp;quot; data-type=&amp;quot;info&amp;quot; data-cancel=&amp;quot;true&amp;quot; data-icon=&amp;quot;info&amp;quot; data-align=&amp;quot;left&amp;quot; data-draggable=&amp;quot;undefined&amp;quot; data-pie=&amp;quot;htc&amp;quot; data-chrome=&amp;quot;87&amp;quot; data-webkit=&amp;quot;87&amp;quot; style=&amp;quot;visibility: visible; z-index: 210000;&amp;quot;&amp;gt;...&amp;lt;/div&amp;gt;
  (Session info: chrome=87.0.4280.88)
Build info: version: &amp;apos;3.11.0&amp;apos;, revision: &amp;apos;e59cfb3&amp;apos;, time: &amp;apos;2018-03-11T20:26:55.152Z&amp;apos;
System info: host: &amp;apos;DESKTOP-M0JQEN5&amp;apos;, ip: &amp;apos;192.168.43.59&amp;apos;, os.name: &amp;apos;Windows 10&amp;apos;, os.arch: &amp;apos;amd64&amp;apos;, os.version: &amp;apos;10.0&amp;apos;, java.version: &amp;apos;1.8.0_271&amp;apos;
Driver info: org.openqa.selenium.chrome.ChromeDriver
Capabilities {acceptInsecureCerts: false, browserName: chrome, browserVersion: 87.0.4280.88, chrome: {chromedriverVersion: 86.0.4240.22 (398b0743353ff..., userDataDir: C:\Users\GLOBAL~1\AppData\L...}, goog:chromeOptions: {debuggerAddress: localhost:62107}, javascriptEnabled: true, networkConnectionEnabled: false, pageLoadStrategy: normal, platform: WINDOWS, platformName: WINDOWS, proxy: Proxy(), setWindowRect: true, strictFileInteractability: false, timeouts: {implicit: 0, pageLoad: 300000, script: 30000}, unhandledPromptBehavior: dismiss and notify, webauthn:virtualAuthenticators: true}
Session ID: 18f30d97cfb8d7d777e03c4ae4ab5df6">
      <![CDATA[cucumber.runtime.CucumberException: org.openqa.selenium.ElementClickInterceptedException: element click intercepted: Element <input placeholder="yyyy-mm-dd" readonly="true" autocomplete="off" class="form-control hasDatepicker" data-val="true" data-val-required="Please Select Requested Shippment Date." id="txtdtExpected" name="dtExpected" type="text" value=""> is not clickable at point (631, 403). Other element would receive the click: <div id="smartAlert" data-type="info" data-cancel="true" data-icon="info" data-align="left" data-draggable="undefined" data-pie="htc" data-chrome="87" data-webkit="87" style="visibility: visible; z-index: 210000;">...</div>
  (Session info: chrome=87.0.4280.88)
Build info: version: '3.11.0', revision: 'e59cfb3', time: '2018-03-11T20:26:55.152Z'
System info: host: 'DESKTOP-M0JQEN5', ip: '192.168.43.59', os.name: 'Windows 10', os.arch: 'amd64', os.version: '10.0', java.version: '1.8.0_271'
Driver info: org.openqa.selenium.chrome.ChromeDriver
Capabilities {acceptInsecureCerts: false, browserName: chrome, browserVersion: 87.0.4280.88, chrome: {chromedriverVersion: 86.0.4240.22 (398b0743353ff..., userDataDir: C:\Users\GLOBAL~1\AppData\L...}, goog:chromeOptions: {debuggerAddress: localhost:62107}, javascriptEnabled: true, networkConnectionEnabled: false, pageLoadStrategy: normal, platform: WINDOWS, platformName: WINDOWS, proxy: Proxy(), setWindowRect: true, strictFileInteractability: false, timeouts: {implicit: 0, pageLoad: 300000, script: 30000}, unhandledPromptBehavior: dismiss and notify, webauthn:virtualAuthenticators: true}
Session ID: 18f30d97cfb8d7d777e03c4ae4ab5df6
at cucumber.api.testng.TestNGCucumberRunner.runCucumber(TestNGCucumberRunner.java:69)
at MyRunner.TestRunner.feature(TestRunner.java:57)
at java.util.concurrent.FutureTask.run(Unknown Source)
at java.util.concurrent.ThreadPoolExecutor.runWorker(Unknown Source)
at java.util.concurrent.ThreadPoolExecutor$Worker.run(Unknown Source)
at java.lang.Thread.run(Unknown Source)
Caused by: org.openqa.selenium.ElementClickInterceptedException: element click intercepted: Element <input placeholder="yyyy-mm-dd" readonly="true" autocomplete="off" class="form-control hasDatepicker" data-val="true" data-val-required="Please Select Requested Shippment Date." id="txtdtExpected" name="dtExpected" type="text" value=""> is not clickable at point (631, 403). Other element would receive the click: <div id="smartAlert" data-type="info" data-cancel="true" data-icon="info" data-align="left" data-draggable="undefined" data-pie="htc" data-chrome="87" data-webkit="87" style="visibility: visible; z-index: 210000;">...</div>
  (Session info: chrome=87.0.4280.88)
Build info: version: '3.11.0', revision: 'e59cfb3', time: '2018-03-11T20:26:55.152Z'
System info: host: 'DESKTOP-M0JQEN5', ip: '192.168.43.59', os.name: 'Windows 10', os.arch: 'amd64', os.version: '10.0', java.version: '1.8.0_271'
Driver info: org.openqa.selenium.chrome.ChromeDriver
Capabilities {acceptInsecureCerts: false, browserName: chrome, browserVersion: 87.0.4280.88, chrome: {chromedriverVersion: 86.0.4240.22 (398b0743353ff..., userDataDir: C:\Users\GLOBAL~1\AppData\L...}, goog:chromeOptions: {debuggerAddress: localhost:62107}, javascriptEnabled: true, networkConnectionEnabled: false, pageLoadStrategy: normal, platform: WINDOWS, platformName: WINDOWS, proxy: Proxy(), setWindowRect: true, strictFileInteractability: false, timeouts: {implicit: 0, pageLoad: 300000, script: 30000}, unhandledPromptBehavior: dismiss and notify, webauthn:virtualAuthenticators: true}
Session ID: 18f30d97cfb8d7d777e03c4ae4ab5df6
at org.openqa.selenium.remote.http.W3CHttpResponseCodec.createException(W3CHttpResponseCodec.java:187)
at org.openqa.selenium.remote.http.W3CHttpResponseCodec.decode(W3CHttpResponseCodec.java:122)
at org.openqa.selenium.remote.http.W3CHttpResponseCodec.decode(W3CHttpResponseCodec.java:49)
at org.openqa.selenium.remote.HttpCommandExecutor.execute(HttpCommandExecutor.java:158)
at org.openqa.selenium.remote.service.DriverCommandExecutor.execute(DriverCommandExecutor.java:83)
at org.openqa.selenium.remote.RemoteWebDriver.execute(RemoteWebDriver.java:545)
at org.openqa.selenium.remote.RemoteWebElement.execute(RemoteWebElement.java:279)
at org.openqa.selenium.remote.RemoteWebElement.click(RemoteWebElement.java:83)
at pageObjects.CheckOut.expectedDate(CheckOut.java:152)
at stepDefinitions.LoginStepDefinition.select_checkout_details(LoginStepDefinition.java:733)
at âœ½.Then Select Bill To,Ship To,selct Production location Vendor PO, Requird Shipment Date(scenarios.feature:480)
... Removed 20 stack frames]]>
    </failure>
  </testcase> <!-- feature -->
</testsuite> <!-- R-PAC Test -->
